This file contains any messages produced by compilers while
running configure, to aid debugging if configure makes a mistake.

It was created by configure, which was
generated by GNU Autoconf 2.69.  Invocation command line was

  $ ./configure 

## --------- ##
## Platform. ##
## --------- ##

hostname = localhost
uname -m = x86_64
uname -r = 4.4.0-87-generic
uname -s = Linux
uname -v = #110-Ubuntu SMP Tue Jul 18 12:55:35 UTC 2017

/usr/bin/uname -p = unknown
/bin/uname -X     = unknown

/bin/arch              = unknown
/usr/bin/arch -k       = unknown
/usr/convex/getsysinfo = unknown
/usr/bin/hostinfo      = unknown
/bin/machine           = unknown
/usr/bin/oslevel       = unknown
/bin/universe          = unknown

PATH: /home/luokui.lk/miniconda3/condabin
PATH: /workspace/cmake-3.19.2-Linux-x86_64/bin
PATH: /home/luokui.lk/.vscode-server/bin/ea3859d4ba2f3e577a159bc91e3074c5d85c0523/bin
PATH: /home/luokui.lk/bin
PATH: /home/luokui.lk/.local/bin
PATH: /usr/local/sbin
PATH: /usr/local/bin
PATH: /usr/sbin
PATH: /usr/bin
PATH: /sbin
PATH: /bin
PATH: /usr/games


## ----------- ##
## Core tests. ##
## ----------- ##

configure:2561: checking build system type
configure:2575: result: x86_64-pc-linux-gnu
configure:2595: checking host system type
configure:2608: result: x86_64-pc-linux-gnu
configure:2679: checking for gcc
configure:2695: found /usr/bin/gcc
configure:2706: result: gcc
configure:2935: checking for C compiler version
configure:2944: gcc --version >&5
gcc (Ubuntu 5.4.0-6ubuntu1~16.04.11) 5.4.0 20160609
Copyright (C) 2015 Free Software Foundation, Inc.
This is free software; see the source for copying conditions.  There is NO
warranty; not even for MERCHANTABILITY or FITNESS FOR A PARTICULAR PURPOSE.

configure:2955: $? = 0
configure:2944: gcc -v >&5
Using built-in specs.
COLLECT_GCC=gcc
COLLECT_LTO_WRAPPER=/usr/lib/gcc/x86_64-linux-gnu/5/lto-wrapper
Target: x86_64-linux-gnu
Configured with: ../src/configure -v --with-pkgversion='Ubuntu 5.4.0-6ubuntu1~16.04.11' --with-bugurl=file:///usr/share/doc/gcc-5/README.Bugs --enable-languages=c,ada,c++,java,go,d,fortran,objc,obj-c++ --prefix=/usr --program-suffix=-5 --enable-shared --enable-linker-build-id --libexecdir=/usr/lib --without-included-gettext --enable-threads=posix --libdir=/usr/lib --enable-nls --with-sysroot=/ --enable-clocale=gnu --enable-libstdcxx-debug --enable-libstdcxx-time=yes --with-default-libstdcxx-abi=new --enable-gnu-unique-object --disable-vtable-verify --enable-libmpx --enable-plugin --with-system-zlib --disable-browser-plugin --enable-java-awt=gtk --enable-gtk-cairo --with-java-home=/usr/lib/jvm/java-1.5.0-gcj-5-amd64/jre --enable-java-home --with-jvm-root-dir=/usr/lib/jvm/java-1.5.0-gcj-5-amd64 --with-jvm-jar-dir=/usr/lib/jvm-exports/java-1.5.0-gcj-5-amd64 --with-arch-directory=amd64 --with-ecj-jar=/usr/share/java/eclipse-ecj.jar --enable-objc-gc --enable-multiarch --disable-werror --with-arch-32=i686 --with-abi=m64 --with-multilib-list=m32,m64,mx32 --enable-multilib --with-tune=generic --enable-checking=release --build=x86_64-linux-gnu --host=x86_64-linux-gnu --target=x86_64-linux-gnu
Thread model: posix
gcc version 5.4.0 20160609 (Ubuntu 5.4.0-6ubuntu1~16.04.11) 
configure:2955: $? = 0
configure:2944: gcc -V >&5
gcc: error: unrecognized command line option '-V'
gcc: fatal error: no input files
compilation terminated.
configure:2955: $? = 1
configure:2944: gcc -qversion >&5
gcc: error: unrecognized command line option '-qversion'
gcc: fatal error: no input files
compilation terminated.
configure:2955: $? = 1
configure:2975: checking whether the C compiler works
configure:2997: gcc    conftest.c  >&5
configure:3001: $? = 0
configure:3049: result: yes
configure:3052: checking for C compiler default output file name
configure:3054: result: a.out
configure:3060: checking for suffix of executables
configure:3067: gcc -o conftest    conftest.c  >&5
configure:3071: $? = 0
configure:3093: result: 
configure:3115: checking whether we are cross compiling
configure:3123: gcc -o conftest    conftest.c  >&5
configure:3127: $? = 0
configure:3134: ./conftest
configure:3138: $? = 0
configure:3153: result: no
configure:3158: checking for suffix of object files
configure:3180: gcc -c   conftest.c >&5
configure:3184: $? = 0
configure:3205: result: o
configure:3209: checking whether we are using the GNU C compiler
configure:3228: gcc -c   conftest.c >&5
configure:3228: $? = 0
configure:3237: result: yes
configure:3246: checking whether gcc accepts -g
configure:3266: gcc -c -g  conftest.c >&5
configure:3266: $? = 0
configure:3307: result: yes
configure:3324: checking for gcc option to accept ISO C89
configure:3387: gcc  -c -g -O2  conftest.c >&5
configure:3387: $? = 0
configure:3400: result: none needed
configure:3425: checking whether gcc understands -c and -o together
configure:3447: gcc -c conftest.c -o conftest2.o
configure:3450: $? = 0
configure:3447: gcc -c conftest.c -o conftest2.o
configure:3450: $? = 0
configure:3462: result: yes
configure:3479: checking for a sed that does not truncate output
configure:3543: result: /bin/sed
configure:3561: checking for grep that handles long lines and -e
configure:3619: result: /bin/grep
configure:3624: checking for egrep
configure:3686: result: /bin/grep -E
configure:3691: checking for fgrep
configure:3753: result: /bin/grep -F
configure:3788: checking for ld used by gcc
configure:3855: result: /usr/bin/ld
configure:3862: checking if the linker (/usr/bin/ld) is GNU ld
configure:3877: result: yes
configure:3889: checking for BSD- or MS-compatible name lister (nm)
configure:3938: result: /usr/bin/nm -B
configure:4056: checking the name lister (/usr/bin/nm -B) interface
configure:4063: gcc -c -g -O2  conftest.c >&5
configure:4066: /usr/bin/nm -B "conftest.o"
configure:4069: output
0000000000000000 B some_variable
configure:4076: result: BSD nm
configure:4079: checking whether ln -s works
configure:4083: result: yes
configure:4091: checking the maximum length of command line arguments
configure:4217: result: 1572864
configure:4234: checking whether the shell understands some XSI constructs
configure:4244: result: yes
configure:4248: checking whether the shell understands "+="
configure:4254: result: yes
configure:4289: checking for /usr/bin/ld option to reload object files
configure:4296: result: -r
configure:4365: checking for objdump
configure:4381: found /usr/bin/objdump
configure:4392: result: objdump
configure:4421: checking how to recognize dependent libraries
configure:4619: result: pass_all
configure:4679: checking for ar
configure:4695: found /usr/bin/ar
configure:4706: result: ar
configure:4784: checking for strip
configure:4800: found /usr/bin/strip
configure:4811: result: strip
configure:4883: checking for ranlib
configure:4899: found /usr/bin/ranlib
configure:4910: result: ranlib
configure:5000: checking command to parse /usr/bin/nm -B output from gcc object
configure:5118: gcc -c -g -O2  conftest.c >&5
configure:5121: $? = 0
configure:5125: /usr/bin/nm -B conftest.o \| sed -n -e 's/^.*[	 ]\([ABCDGIRSTW][ABCDGIRSTW]*\)[	 ][	 ]*\([_A-Za-z][_A-Za-z0-9]*\)$/\1 \2 \2/p' \> conftest.nm
configure:5128: $? = 0
configure:5182: gcc -o conftest -g -O2   conftest.c conftstm.o >&5
configure:5185: $? = 0
configure:5223: result: ok
configure:5319: gcc -c -g -O2  conftest.c >&5
configure:5322: $? = 0
configure:6035: checking how to run the C preprocessor
configure:6066: gcc -E  conftest.c
configure:6066: $? = 0
configure:6080: gcc -E  conftest.c
conftest.c:9:28: fatal error: ac_nonexistent.h: No such file or directory
compilation terminated.
configure:6080: $? = 1
configure: failed program was:
| /* confdefs.h */
| #define PACKAGE_NAME ""
| #define PACKAGE_TARNAME ""
| #define PACKAGE_VERSION ""
| #define PACKAGE_STRING ""
| #define PACKAGE_BUGREPORT ""
| #define PACKAGE_URL ""
| /* end confdefs.h.  */
| #include <ac_nonexistent.h>
configure:6105: result: gcc -E
configure:6125: gcc -E  conftest.c
configure:6125: $? = 0
configure:6139: gcc -E  conftest.c
conftest.c:9:28: fatal error: ac_nonexistent.h: No such file or directory
compilation terminated.
configure:6139: $? = 1
configure: failed program was:
| /* confdefs.h */
| #define PACKAGE_NAME ""
| #define PACKAGE_TARNAME ""
| #define PACKAGE_VERSION ""
| #define PACKAGE_STRING ""
| #define PACKAGE_BUGREPORT ""
| #define PACKAGE_URL ""
| /* end confdefs.h.  */
| #include <ac_nonexistent.h>
configure:6168: checking for ANSI C header files
configure:6188: gcc -c -g -O2  conftest.c >&5
configure:6188: $? = 0
configure:6261: gcc -o conftest -g -O2   conftest.c  >&5
configure:6261: $? = 0
configure:6261: ./conftest
configure:6261: $? = 0
configure:6272: result: yes
configure:6285: checking for sys/types.h
configure:6285: gcc -c -g -O2  conftest.c >&5
configure:6285: $? = 0
configure:6285: result: yes
configure:6285: checking for sys/stat.h
configure:6285: gcc -c -g -O2  conftest.c >&5
configure:6285: $? = 0
configure:6285: result: yes
configure:6285: checking for stdlib.h
configure:6285: gcc -c -g -O2  conftest.c >&5
configure:6285: $? = 0
configure:6285: result: yes
configure:6285: checking for string.h
configure:6285: gcc -c -g -O2  conftest.c >&5
configure:6285: $? = 0
configure:6285: result: yes
configure:6285: checking for memory.h
configure:6285: gcc -c -g -O2  conftest.c >&5
configure:6285: $? = 0
configure:6285: result: yes
configure:6285: checking for strings.h
configure:6285: gcc -c -g -O2  conftest.c >&5
configure:6285: $? = 0
configure:6285: result: yes
configure:6285: checking for inttypes.h
configure:6285: gcc -c -g -O2  conftest.c >&5
configure:6285: $? = 0
configure:6285: result: yes
configure:6285: checking for stdint.h
configure:6285: gcc -c -g -O2  conftest.c >&5
configure:6285: $? = 0
configure:6285: result: yes
configure:6285: checking for unistd.h
configure:6285: gcc -c -g -O2  conftest.c >&5
configure:6285: $? = 0
configure:6285: result: yes
configure:6299: checking for dlfcn.h
configure:6299: gcc -c -g -O2  conftest.c >&5
configure:6299: $? = 0
configure:6299: result: yes
configure:6781: checking for objdir
configure:6796: result: .libs
configure:7092: checking if gcc supports -fno-rtti -fno-exceptions
configure:7110: gcc -c -g -O2  -fno-rtti -fno-exceptions conftest.c >&5
cc1: warning: command line option '-fno-rtti' is valid for C++/ObjC++ but not for C
configure:7114: $? = 0
configure:7127: result: no
configure:7147: checking for gcc option to produce PIC
configure:7419: result: -fPIC -DPIC
configure:7431: checking if gcc PIC flag -fPIC -DPIC works
configure:7449: gcc -c -g -O2  -fPIC -DPIC -DPIC conftest.c >&5
configure:7453: $? = 0
configure:7466: result: yes
configure:7490: checking if gcc static flag -static works
configure:7518: result: yes
configure:7533: checking if gcc supports -c -o file.o
configure:7554: gcc -c -g -O2  -o out/conftest2.o conftest.c >&5
configure:7558: $? = 0
configure:7580: result: yes
configure:7588: checking if gcc supports -c -o file.o
configure:7635: result: yes
configure:7668: checking whether the gcc linker (/usr/bin/ld -m elf_x86_64) supports shared libraries
configure:8654: result: yes
configure:8691: checking whether -lc should be explicitly linked in
configure:8696: gcc -c -g -O2  conftest.c >&5
configure:8699: $? = 0
configure:8714: gcc -shared conftest.o  -v -Wl,-soname -Wl,conftest -o conftest 2\>\&1 \| /bin/grep  -lc  \>/dev/null 2\>\&1
configure:8717: $? = 0
configure:8729: result: no
configure:8893: checking dynamic linker characteristics
configure:9328: gcc -o conftest -g -O2   -Wl,-rpath -Wl,/foo conftest.c  >&5
configure:9328: $? = 0
configure:9546: result: GNU/Linux ld.so
configure:9648: checking how to hardcode library paths into programs
configure:9673: result: immediate
configure:10193: checking whether stripping libraries is possible
configure:10198: result: yes
configure:10233: checking if libtool supports shared libraries
configure:10235: result: yes
configure:10238: checking whether to build shared libraries
configure:10259: result: yes
configure:10262: checking whether to build static libraries
configure:10266: result: yes
configure:10330: checking for a BSD-compatible install
configure:10398: result: /usr/bin/install -c
configure:10409: checking whether build environment is sane
configure:10464: result: yes
configure:10612: checking for a thread-safe mkdir -p
configure:10651: result: /bin/mkdir -p
configure:10658: checking for gawk
configure:10674: found /usr/bin/gawk
configure:10685: result: gawk
configure:10696: checking whether make sets $(MAKE)
configure:10718: result: yes
configure:10748: checking for style of include used by make
configure:10776: result: GNU
configure:10810: checking whether make supports nested variables
configure:10827: result: yes
configure:10913: checking dependency style of gcc
configure:11024: result: gcc3
configure:11132: checking for gcc
configure:11159: result: gcc
configure:11388: checking for C compiler version
configure:11397: gcc --version >&5
gcc (Ubuntu 5.4.0-6ubuntu1~16.04.11) 5.4.0 20160609
Copyright (C) 2015 Free Software Foundation, Inc.
This is free software; see the source for copying conditions.  There is NO
warranty; not even for MERCHANTABILITY or FITNESS FOR A PARTICULAR PURPOSE.

configure:11408: $? = 0
configure:11397: gcc -v >&5
Using built-in specs.
COLLECT_GCC=gcc
COLLECT_LTO_WRAPPER=/usr/lib/gcc/x86_64-linux-gnu/5/lto-wrapper
Target: x86_64-linux-gnu
Configured with: ../src/configure -v --with-pkgversion='Ubuntu 5.4.0-6ubuntu1~16.04.11' --with-bugurl=file:///usr/share/doc/gcc-5/README.Bugs --enable-languages=c,ada,c++,java,go,d,fortran,objc,obj-c++ --prefix=/usr --program-suffix=-5 --enable-shared --enable-linker-build-id --libexecdir=/usr/lib --without-included-gettext --enable-threads=posix --libdir=/usr/lib --enable-nls --with-sysroot=/ --enable-clocale=gnu --enable-libstdcxx-debug --enable-libstdcxx-time=yes --with-default-libstdcxx-abi=new --enable-gnu-unique-object --disable-vtable-verify --enable-libmpx --enable-plugin --with-system-zlib --disable-browser-plugin --enable-java-awt=gtk --enable-gtk-cairo --with-java-home=/usr/lib/jvm/java-1.5.0-gcj-5-amd64/jre --enable-java-home --with-jvm-root-dir=/usr/lib/jvm/java-1.5.0-gcj-5-amd64 --with-jvm-jar-dir=/usr/lib/jvm-exports/java-1.5.0-gcj-5-amd64 --with-arch-directory=amd64 --with-ecj-jar=/usr/share/java/eclipse-ecj.jar --enable-objc-gc --enable-multiarch --disable-werror --with-arch-32=i686 --with-abi=m64 --with-multilib-list=m32,m64,mx32 --enable-multilib --with-tune=generic --enable-checking=release --build=x86_64-linux-gnu --host=x86_64-linux-gnu --target=x86_64-linux-gnu
Thread model: posix
gcc version 5.4.0 20160609 (Ubuntu 5.4.0-6ubuntu1~16.04.11) 
configure:11408: $? = 0
configure:11397: gcc -V >&5
gcc: error: unrecognized command line option '-V'
gcc: fatal error: no input files
compilation terminated.
configure:11408: $? = 1
configure:11397: gcc -qversion >&5
gcc: error: unrecognized command line option '-qversion'
gcc: fatal error: no input files
compilation terminated.
configure:11408: $? = 1
configure:11412: checking whether we are using the GNU C compiler
configure:11440: result: yes
configure:11449: checking whether gcc accepts -g
configure:11510: result: yes
configure:11527: checking for gcc option to accept ISO C89
configure:11603: result: none needed
configure:11628: checking whether gcc understands -c and -o together
configure:11665: result: yes
configure:11736: checking for gcc
configure:11752: found /usr/bin/gcc
configure:11763: result: gcc
configure:11788: checking for Objective C compiler version
configure:11797: gcc --version >&5
gcc (Ubuntu 5.4.0-6ubuntu1~16.04.11) 5.4.0 20160609
Copyright (C) 2015 Free Software Foundation, Inc.
This is free software; see the source for copying conditions.  There is NO
warranty; not even for MERCHANTABILITY or FITNESS FOR A PARTICULAR PURPOSE.

configure:11808: $? = 0
configure:11797: gcc -v >&5
Using built-in specs.
COLLECT_GCC=gcc
COLLECT_LTO_WRAPPER=/usr/lib/gcc/x86_64-linux-gnu/5/lto-wrapper
Target: x86_64-linux-gnu
Configured with: ../src/configure -v --with-pkgversion='Ubuntu 5.4.0-6ubuntu1~16.04.11' --with-bugurl=file:///usr/share/doc/gcc-5/README.Bugs --enable-languages=c,ada,c++,java,go,d,fortran,objc,obj-c++ --prefix=/usr --program-suffix=-5 --enable-shared --enable-linker-build-id --libexecdir=/usr/lib --without-included-gettext --enable-threads=posix --libdir=/usr/lib --enable-nls --with-sysroot=/ --enable-clocale=gnu --enable-libstdcxx-debug --enable-libstdcxx-time=yes --with-default-libstdcxx-abi=new --enable-gnu-unique-object --disable-vtable-verify --enable-libmpx --enable-plugin --with-system-zlib --disable-browser-plugin --enable-java-awt=gtk --enable-gtk-cairo --with-java-home=/usr/lib/jvm/java-1.5.0-gcj-5-amd64/jre --enable-java-home --with-jvm-root-dir=/usr/lib/jvm/java-1.5.0-gcj-5-amd64 --with-jvm-jar-dir=/usr/lib/jvm-exports/java-1.5.0-gcj-5-amd64 --with-arch-directory=amd64 --with-ecj-jar=/usr/share/java/eclipse-ecj.jar --enable-objc-gc --enable-multiarch --disable-werror --with-arch-32=i686 --with-abi=m64 --with-multilib-list=m32,m64,mx32 --enable-multilib --with-tune=generic --enable-checking=release --build=x86_64-linux-gnu --host=x86_64-linux-gnu --target=x86_64-linux-gnu
Thread model: posix
gcc version 5.4.0 20160609 (Ubuntu 5.4.0-6ubuntu1~16.04.11) 
configure:11808: $? = 0
configure:11797: gcc -V >&5
gcc: error: unrecognized command line option '-V'
gcc: fatal error: no input files
compilation terminated.
configure:11808: $? = 1
configure:11797: gcc -qversion >&5
gcc: error: unrecognized command line option '-qversion'
gcc: fatal error: no input files
compilation terminated.
configure:11808: $? = 1
configure:11812: checking whether we are using the GNU Objective C compiler
configure:11831: gcc -c   conftest.m >&5
gcc: error trying to exec 'cc1obj': execvp: No such file or directory
configure:11831: $? = 1
configure: failed program was:
| /* confdefs.h */
| #define PACKAGE_NAME ""
| #define PACKAGE_TARNAME ""
| #define PACKAGE_VERSION ""
| #define PACKAGE_STRING ""
| #define PACKAGE_BUGREPORT ""
| #define PACKAGE_URL ""
| #define STDC_HEADERS 1
| #define HAVE_SYS_TYPES_H 1
| #define HAVE_SYS_STAT_H 1
| #define HAVE_STDLIB_H 1
| #define HAVE_STRING_H 1
| #define HAVE_MEMORY_H 1
| #define HAVE_STRINGS_H 1
| #define HAVE_INTTYPES_H 1
| #define HAVE_STDINT_H 1
| #define HAVE_UNISTD_H 1
| #define HAVE_DLFCN_H 1
| #define LT_OBJDIR ".libs/"
| #define PACKAGE "SDL2_image"
| #define VERSION "2.0.5"
| /* end confdefs.h.  */
| 
| int
| main ()
| {
| #ifndef __GNUC__
|        choke me
| #endif
| 
|   ;
|   return 0;
| }
configure:11840: result: no
configure:11849: checking whether gcc accepts -g
configure:11869: gcc -c -g  conftest.m >&5
gcc: error trying to exec 'cc1obj': execvp: No such file or directory
configure:11869: $? = 1
configure: failed program was:
| /* confdefs.h */
| #define PACKAGE_NAME ""
| #define PACKAGE_TARNAME ""
| #define PACKAGE_VERSION ""
| #define PACKAGE_STRING ""
| #define PACKAGE_BUGREPORT ""
| #define PACKAGE_URL ""
| #define STDC_HEADERS 1
| #define HAVE_SYS_TYPES_H 1
| #define HAVE_SYS_STAT_H 1
| #define HAVE_STDLIB_H 1
| #define HAVE_STRING_H 1
| #define HAVE_MEMORY_H 1
| #define HAVE_STRINGS_H 1
| #define HAVE_INTTYPES_H 1
| #define HAVE_STDINT_H 1
| #define HAVE_UNISTD_H 1
| #define HAVE_DLFCN_H 1
| #define LT_OBJDIR ".libs/"
| #define PACKAGE "SDL2_image"
| #define VERSION "2.0.5"
| /* end confdefs.h.  */
| 
| int
| main ()
| {
| 
|   ;
|   return 0;
| }
configure:11884: gcc -c   conftest.m >&5
gcc: error trying to exec 'cc1obj': execvp: No such file or directory
configure:11884: $? = 1
configure: failed program was:
| /* confdefs.h */
| #define PACKAGE_NAME ""
| #define PACKAGE_TARNAME ""
| #define PACKAGE_VERSION ""
| #define PACKAGE_STRING ""
| #define PACKAGE_BUGREPORT ""
| #define PACKAGE_URL ""
| #define STDC_HEADERS 1
| #define HAVE_SYS_TYPES_H 1
| #define HAVE_SYS_STAT_H 1
| #define HAVE_STDLIB_H 1
| #define HAVE_STRING_H 1
| #define HAVE_MEMORY_H 1
| #define HAVE_STRINGS_H 1
| #define HAVE_INTTYPES_H 1
| #define HAVE_STDINT_H 1
| #define HAVE_UNISTD_H 1
| #define HAVE_DLFCN_H 1
| #define LT_OBJDIR ".libs/"
| #define PACKAGE "SDL2_image"
| #define VERSION "2.0.5"
| /* end confdefs.h.  */
| 
| int
| main ()
| {
| 
|   ;
|   return 0;
| }
configure:11900: gcc -c -g  conftest.m >&5
gcc: error trying to exec 'cc1obj': execvp: No such file or directory
configure:11900: $? = 1
configure: failed program was:
| /* confdefs.h */
| #define PACKAGE_NAME ""
| #define PACKAGE_TARNAME ""
| #define PACKAGE_VERSION ""
| #define PACKAGE_STRING ""
| #define PACKAGE_BUGREPORT ""
| #define PACKAGE_URL ""
| #define STDC_HEADERS 1
| #define HAVE_SYS_TYPES_H 1
| #define HAVE_SYS_STAT_H 1
| #define HAVE_STDLIB_H 1
| #define HAVE_STRING_H 1
| #define HAVE_MEMORY_H 1
| #define HAVE_STRINGS_H 1
| #define HAVE_INTTYPES_H 1
| #define HAVE_STDINT_H 1
| #define HAVE_UNISTD_H 1
| #define HAVE_DLFCN_H 1
| #define LT_OBJDIR ".libs/"
| #define PACKAGE "SDL2_image"
| #define VERSION "2.0.5"
| /* end confdefs.h.  */
| 
| int
| main ()
| {
| 
|   ;
|   return 0;
| }
configure:11910: result: no
configure:11935: checking dependency style of gcc
configure:12044: result: gcc3
configure:12059: checking for inline
configure:12075: gcc -c -g -O2  conftest.c >&5
configure:12075: $? = 0
configure:12083: result: inline
configure:12102: checking whether make sets $(MAKE)
configure:12124: result: yes
configure:12142: checking for windres
configure:12172: result: no
configure:12142: checking for linux-gnu-windres
configure:12172: result: no
configure:12307: checking for pkg-config
configure:12325: found /usr/bin/pkg-config
configure:12337: result: /usr/bin/pkg-config
configure:12362: checking pkg-config is at least version 0.9.0
configure:12365: result: yes
configure:12403: checking for SDL
configure:12411: $PKG_CONFIG --exists --print-errors "sdl2 >= $min_sdl_version"
configure:12414: $? = 0
configure:12429: $PKG_CONFIG --exists --print-errors "sdl2 >= $min_sdl_version"
configure:12432: $? = 0
configure:12468: result: yes
configure:12847: checking jpeglib.h usability
configure:12847: gcc -c -g -O2 -D_REENTRANT -I/usr/local/include/SDL2  conftest.c >&5
conftest.c:56:21: fatal error: jpeglib.h: No such file or directory
compilation terminated.
configure:12847: $? = 1
configure: failed program was:
| /* confdefs.h */
| #define PACKAGE_NAME ""
| #define PACKAGE_TARNAME ""
| #define PACKAGE_VERSION ""
| #define PACKAGE_STRING ""
| #define PACKAGE_BUGREPORT ""
| #define PACKAGE_URL ""
| #define STDC_HEADERS 1
| #define HAVE_SYS_TYPES_H 1
| #define HAVE_SYS_STAT_H 1
| #define HAVE_STDLIB_H 1
| #define HAVE_STRING_H 1
| #define HAVE_MEMORY_H 1
| #define HAVE_STRINGS_H 1
| #define HAVE_INTTYPES_H 1
| #define HAVE_STDINT_H 1
| #define HAVE_UNISTD_H 1
| #define HAVE_DLFCN_H 1
| #define LT_OBJDIR ".libs/"
| #define PACKAGE "SDL2_image"
| #define VERSION "2.0.5"
| /* end confdefs.h.  */
| #include <stdio.h>
| #ifdef HAVE_SYS_TYPES_H
| # include <sys/types.h>
| #endif
| #ifdef HAVE_SYS_STAT_H
| # include <sys/stat.h>
| #endif
| #ifdef STDC_HEADERS
| # include <stdlib.h>
| # include <stddef.h>
| #else
| # ifdef HAVE_STDLIB_H
| #  include <stdlib.h>
| # endif
| #endif
| #ifdef HAVE_STRING_H
| # if !defined STDC_HEADERS && defined HAVE_MEMORY_H
| #  include <memory.h>
| # endif
| # include <string.h>
| #endif
| #ifdef HAVE_STRINGS_H
| # include <strings.h>
| #endif
| #ifdef HAVE_INTTYPES_H
| # include <inttypes.h>
| #endif
| #ifdef HAVE_STDINT_H
| # include <stdint.h>
| #endif
| #ifdef HAVE_UNISTD_H
| # include <unistd.h>
| #endif
| #include <jpeglib.h>
configure:12847: result: no
configure:12847: checking jpeglib.h presence
configure:12847: gcc -E  conftest.c
conftest.c:23:21: fatal error: jpeglib.h: No such file or directory
compilation terminated.
configure:12847: $? = 1
configure: failed program was:
| /* confdefs.h */
| #define PACKAGE_NAME ""
| #define PACKAGE_TARNAME ""
| #define PACKAGE_VERSION ""
| #define PACKAGE_STRING ""
| #define PACKAGE_BUGREPORT ""
| #define PACKAGE_URL ""
| #define STDC_HEADERS 1
| #define HAVE_SYS_TYPES_H 1
| #define HAVE_SYS_STAT_H 1
| #define HAVE_STDLIB_H 1
| #define HAVE_STRING_H 1
| #define HAVE_MEMORY_H 1
| #define HAVE_STRINGS_H 1
| #define HAVE_INTTYPES_H 1
| #define HAVE_STDINT_H 1
| #define HAVE_UNISTD_H 1
| #define HAVE_DLFCN_H 1
| #define LT_OBJDIR ".libs/"
| #define PACKAGE "SDL2_image"
| #define VERSION "2.0.5"
| /* end confdefs.h.  */
| #include <jpeglib.h>
configure:12847: result: no
configure:12847: checking for jpeglib.h
configure:12847: result: no
configure:12853: checking for jpeg_CreateDecompress in -ljpeg
configure:12878: gcc -o conftest -g -O2 -D_REENTRANT -I/usr/local/include/SDL2   conftest.c -ljpeg   -L/usr/local/lib -Wl,-rpath,/usr/local/lib -Wl,--enable-new-dtags -lSDL2 >&5
/usr/bin/ld: cannot find -ljpeg
collect2: error: ld returned 1 exit status
configure:12878: $? = 1
configure: failed program was:
| /* confdefs.h */
| #define PACKAGE_NAME ""
| #define PACKAGE_TARNAME ""
| #define PACKAGE_VERSION ""
| #define PACKAGE_STRING ""
| #define PACKAGE_BUGREPORT ""
| #define PACKAGE_URL ""
| #define STDC_HEADERS 1
| #define HAVE_SYS_TYPES_H 1
| #define HAVE_SYS_STAT_H 1
| #define HAVE_STDLIB_H 1
| #define HAVE_STRING_H 1
| #define HAVE_MEMORY_H 1
| #define HAVE_STRINGS_H 1
| #define HAVE_INTTYPES_H 1
| #define HAVE_STDINT_H 1
| #define HAVE_UNISTD_H 1
| #define HAVE_DLFCN_H 1
| #define LT_OBJDIR ".libs/"
| #define PACKAGE "SDL2_image"
| #define VERSION "2.0.5"
| /* end confdefs.h.  */
| 
| /* Override any GCC internal prototype to avoid an error.
|    Use char because int might match the return type of a GCC
|    builtin and then its argument prototype would still apply.  */
| #ifdef __cplusplus
| extern "C"
| #endif
| char jpeg_CreateDecompress ();
| int
| main ()
| {
| return jpeg_CreateDecompress ();
|   ;
|   return 0;
| }
configure:12887: result: no
configure:12915: WARNING: *** Unable to find JPEG library (http://www.ijg.org/)
configure:12917: WARNING: JPG image loading disabled
configure:12925: checking for LIBPNG
configure:12933: $PKG_CONFIG --exists --print-errors "libpng"
Package libpng was not found in the pkg-config search path.
Perhaps you should add the directory containing `libpng.pc'
to the PKG_CONFIG_PATH environment variable
No package 'libpng' found
configure:12936: $? = 1
configure:12951: $PKG_CONFIG --exists --print-errors "libpng"
Package libpng was not found in the pkg-config search path.
Perhaps you should add the directory containing `libpng.pc'
to the PKG_CONFIG_PATH environment variable
No package 'libpng' found
configure:12954: $? = 1
No package 'libpng' found
configure:12982: result: no
configure:12984: checking png.h usability
configure:12984: gcc -c -g -O2 -D_REENTRANT -I/usr/local/include/SDL2  conftest.c >&5
conftest.c:56:17: fatal error: png.h: No such file or directory
compilation terminated.
configure:12984: $? = 1
configure: failed program was:
| /* confdefs.h */
| #define PACKAGE_NAME ""
| #define PACKAGE_TARNAME ""
| #define PACKAGE_VERSION ""
| #define PACKAGE_STRING ""
| #define PACKAGE_BUGREPORT ""
| #define PACKAGE_URL ""
| #define STDC_HEADERS 1
| #define HAVE_SYS_TYPES_H 1
| #define HAVE_SYS_STAT_H 1
| #define HAVE_STDLIB_H 1
| #define HAVE_STRING_H 1
| #define HAVE_MEMORY_H 1
| #define HAVE_STRINGS_H 1
| #define HAVE_INTTYPES_H 1
| #define HAVE_STDINT_H 1
| #define HAVE_UNISTD_H 1
| #define HAVE_DLFCN_H 1
| #define LT_OBJDIR ".libs/"
| #define PACKAGE "SDL2_image"
| #define VERSION "2.0.5"
| /* end confdefs.h.  */
| #include <stdio.h>
| #ifdef HAVE_SYS_TYPES_H
| # include <sys/types.h>
| #endif
| #ifdef HAVE_SYS_STAT_H
| # include <sys/stat.h>
| #endif
| #ifdef STDC_HEADERS
| # include <stdlib.h>
| # include <stddef.h>
| #else
| # ifdef HAVE_STDLIB_H
| #  include <stdlib.h>
| # endif
| #endif
| #ifdef HAVE_STRING_H
| # if !defined STDC_HEADERS && defined HAVE_MEMORY_H
| #  include <memory.h>
| # endif
| # include <string.h>
| #endif
| #ifdef HAVE_STRINGS_H
| # include <strings.h>
| #endif
| #ifdef HAVE_INTTYPES_H
| # include <inttypes.h>
| #endif
| #ifdef HAVE_STDINT_H
| # include <stdint.h>
| #endif
| #ifdef HAVE_UNISTD_H
| # include <unistd.h>
| #endif
| #include <png.h>
configure:12984: result: no
configure:12984: checking png.h presence
configure:12984: gcc -E  conftest.c
conftest.c:23:17: fatal error: png.h: No such file or directory
compilation terminated.
configure:12984: $? = 1
configure: failed program was:
| /* confdefs.h */
| #define PACKAGE_NAME ""
| #define PACKAGE_TARNAME ""
| #define PACKAGE_VERSION ""
| #define PACKAGE_STRING ""
| #define PACKAGE_BUGREPORT ""
| #define PACKAGE_URL ""
| #define STDC_HEADERS 1
| #define HAVE_SYS_TYPES_H 1
| #define HAVE_SYS_STAT_H 1
| #define HAVE_STDLIB_H 1
| #define HAVE_STRING_H 1
| #define HAVE_MEMORY_H 1
| #define HAVE_STRINGS_H 1
| #define HAVE_INTTYPES_H 1
| #define HAVE_STDINT_H 1
| #define HAVE_UNISTD_H 1
| #define HAVE_DLFCN_H 1
| #define LT_OBJDIR ".libs/"
| #define PACKAGE "SDL2_image"
| #define VERSION "2.0.5"
| /* end confdefs.h.  */
| #include <png.h>
configure:12984: result: no
configure:12984: checking for png.h
configure:12984: result: no
configure:12993: checking for png_create_read_struct in -lpng
configure:13018: gcc -o conftest -g -O2 -D_REENTRANT -I/usr/local/include/SDL2   conftest.c -lpng -lz  -L/usr/local/lib -Wl,-rpath,/usr/local/lib -Wl,--enable-new-dtags -lSDL2 >&5
/usr/bin/ld: cannot find -lpng
collect2: error: ld returned 1 exit status
configure:13018: $? = 1
configure: failed program was:
| /* confdefs.h */
| #define PACKAGE_NAME ""
| #define PACKAGE_TARNAME ""
| #define PACKAGE_VERSION ""
| #define PACKAGE_STRING ""
| #define PACKAGE_BUGREPORT ""
| #define PACKAGE_URL ""
| #define STDC_HEADERS 1
| #define HAVE_SYS_TYPES_H 1
| #define HAVE_SYS_STAT_H 1
| #define HAVE_STDLIB_H 1
| #define HAVE_STRING_H 1
| #define HAVE_MEMORY_H 1
| #define HAVE_STRINGS_H 1
| #define HAVE_INTTYPES_H 1
| #define HAVE_STDINT_H 1
| #define HAVE_UNISTD_H 1
| #define HAVE_DLFCN_H 1
| #define LT_OBJDIR ".libs/"
| #define PACKAGE "SDL2_image"
| #define VERSION "2.0.5"
| /* end confdefs.h.  */
| 
| /* Override any GCC internal prototype to avoid an error.
|    Use char because int might match the return type of a GCC
|    builtin and then its argument prototype would still apply.  */
| #ifdef __cplusplus
| extern "C"
| #endif
| char png_create_read_struct ();
| int
| main ()
| {
| return png_create_read_struct ();
|   ;
|   return 0;
| }
configure:13027: result: no
configure:13119: WARNING: *** Unable to find PNG library (http://www.libpng.org/pub/png/libpng.html)
configure:13121: WARNING: PNG image loading disabled
configure:13127: checking tiffio.h usability
configure:13127: gcc -c -g -O2 -D_REENTRANT -I/usr/local/include/SDL2  conftest.c >&5
conftest.c:56:20: fatal error: tiffio.h: No such file or directory
compilation terminated.
configure:13127: $? = 1
configure: failed program was:
| /* confdefs.h */
| #define PACKAGE_NAME ""
| #define PACKAGE_TARNAME ""
| #define PACKAGE_VERSION ""
| #define PACKAGE_STRING ""
| #define PACKAGE_BUGREPORT ""
| #define PACKAGE_URL ""
| #define STDC_HEADERS 1
| #define HAVE_SYS_TYPES_H 1
| #define HAVE_SYS_STAT_H 1
| #define HAVE_STDLIB_H 1
| #define HAVE_STRING_H 1
| #define HAVE_MEMORY_H 1
| #define HAVE_STRINGS_H 1
| #define HAVE_INTTYPES_H 1
| #define HAVE_STDINT_H 1
| #define HAVE_UNISTD_H 1
| #define HAVE_DLFCN_H 1
| #define LT_OBJDIR ".libs/"
| #define PACKAGE "SDL2_image"
| #define VERSION "2.0.5"
| /* end confdefs.h.  */
| #include <stdio.h>
| #ifdef HAVE_SYS_TYPES_H
| # include <sys/types.h>
| #endif
| #ifdef HAVE_SYS_STAT_H
| # include <sys/stat.h>
| #endif
| #ifdef STDC_HEADERS
| # include <stdlib.h>
| # include <stddef.h>
| #else
| # ifdef HAVE_STDLIB_H
| #  include <stdlib.h>
| # endif
| #endif
| #ifdef HAVE_STRING_H
| # if !defined STDC_HEADERS && defined HAVE_MEMORY_H
| #  include <memory.h>
| # endif
| # include <string.h>
| #endif
| #ifdef HAVE_STRINGS_H
| # include <strings.h>
| #endif
| #ifdef HAVE_INTTYPES_H
| # include <inttypes.h>
| #endif
| #ifdef HAVE_STDINT_H
| # include <stdint.h>
| #endif
| #ifdef HAVE_UNISTD_H
| # include <unistd.h>
| #endif
| #include <tiffio.h>
configure:13127: result: no
configure:13127: checking tiffio.h presence
configure:13127: gcc -E  conftest.c
conftest.c:23:20: fatal error: tiffio.h: No such file or directory
compilation terminated.
configure:13127: $? = 1
configure: failed program was:
| /* confdefs.h */
| #define PACKAGE_NAME ""
| #define PACKAGE_TARNAME ""
| #define PACKAGE_VERSION ""
| #define PACKAGE_STRING ""
| #define PACKAGE_BUGREPORT ""
| #define PACKAGE_URL ""
| #define STDC_HEADERS 1
| #define HAVE_SYS_TYPES_H 1
| #define HAVE_SYS_STAT_H 1
| #define HAVE_STDLIB_H 1
| #define HAVE_STRING_H 1
| #define HAVE_MEMORY_H 1
| #define HAVE_STRINGS_H 1
| #define HAVE_INTTYPES_H 1
| #define HAVE_STDINT_H 1
| #define HAVE_UNISTD_H 1
| #define HAVE_DLFCN_H 1
| #define LT_OBJDIR ".libs/"
| #define PACKAGE "SDL2_image"
| #define VERSION "2.0.5"
| /* end confdefs.h.  */
| #include <tiffio.h>
configure:13127: result: no
configure:13127: checking for tiffio.h
configure:13127: result: no
configure:13133: checking for TIFFClientOpen in -ltiff
configure:13158: gcc -o conftest -g -O2 -D_REENTRANT -I/usr/local/include/SDL2   conftest.c -ltiff -lz  -L/usr/local/lib -Wl,-rpath,/usr/local/lib -Wl,--enable-new-dtags -lSDL2 >&5
/usr/bin/ld: cannot find -ltiff
collect2: error: ld returned 1 exit status
configure:13158: $? = 1
configure: failed program was:
| /* confdefs.h */
| #define PACKAGE_NAME ""
| #define PACKAGE_TARNAME ""
| #define PACKAGE_VERSION ""
| #define PACKAGE_STRING ""
| #define PACKAGE_BUGREPORT ""
| #define PACKAGE_URL ""
| #define STDC_HEADERS 1
| #define HAVE_SYS_TYPES_H 1
| #define HAVE_SYS_STAT_H 1
| #define HAVE_STDLIB_H 1
| #define HAVE_STRING_H 1
| #define HAVE_MEMORY_H 1
| #define HAVE_STRINGS_H 1
| #define HAVE_INTTYPES_H 1
| #define HAVE_STDINT_H 1
| #define HAVE_UNISTD_H 1
| #define HAVE_DLFCN_H 1
| #define LT_OBJDIR ".libs/"
| #define PACKAGE "SDL2_image"
| #define VERSION "2.0.5"
| /* end confdefs.h.  */
| 
| /* Override any GCC internal prototype to avoid an error.
|    Use char because int might match the return type of a GCC
|    builtin and then its argument prototype would still apply.  */
| #ifdef __cplusplus
| extern "C"
| #endif
| char TIFFClientOpen ();
| int
| main ()
| {
| return TIFFClientOpen ();
|   ;
|   return 0;
| }
configure:13167: result: no
configure:13192: WARNING: *** Unable to find Tiff library (http://www.remotesensing.org/libtiff/)
configure:13194: WARNING: TIF image loading disabled
configure:13202: checking for LIBWEBP
configure:13210: $PKG_CONFIG --exists --print-errors "libwebp"
Package libwebp was not found in the pkg-config search path.
Perhaps you should add the directory containing `libwebp.pc'
to the PKG_CONFIG_PATH environment variable
No package 'libwebp' found
configure:13213: $? = 1
configure:13228: $PKG_CONFIG --exists --print-errors "libwebp"
Package libwebp was not found in the pkg-config search path.
Perhaps you should add the directory containing `libwebp.pc'
to the PKG_CONFIG_PATH environment variable
No package 'libwebp' found
configure:13231: $? = 1
No package 'libwebp' found
configure:13259: result: no
configure:13261: checking webp/decode.h usability
configure:13261: gcc -c -g -O2 -D_REENTRANT -I/usr/local/include/SDL2  conftest.c >&5
conftest.c:56:25: fatal error: webp/decode.h: No such file or directory
compilation terminated.
configure:13261: $? = 1
configure: failed program was:
| /* confdefs.h */
| #define PACKAGE_NAME ""
| #define PACKAGE_TARNAME ""
| #define PACKAGE_VERSION ""
| #define PACKAGE_STRING ""
| #define PACKAGE_BUGREPORT ""
| #define PACKAGE_URL ""
| #define STDC_HEADERS 1
| #define HAVE_SYS_TYPES_H 1
| #define HAVE_SYS_STAT_H 1
| #define HAVE_STDLIB_H 1
| #define HAVE_STRING_H 1
| #define HAVE_MEMORY_H 1
| #define HAVE_STRINGS_H 1
| #define HAVE_INTTYPES_H 1
| #define HAVE_STDINT_H 1
| #define HAVE_UNISTD_H 1
| #define HAVE_DLFCN_H 1
| #define LT_OBJDIR ".libs/"
| #define PACKAGE "SDL2_image"
| #define VERSION "2.0.5"
| /* end confdefs.h.  */
| #include <stdio.h>
| #ifdef HAVE_SYS_TYPES_H
| # include <sys/types.h>
| #endif
| #ifdef HAVE_SYS_STAT_H
| # include <sys/stat.h>
| #endif
| #ifdef STDC_HEADERS
| # include <stdlib.h>
| # include <stddef.h>
| #else
| # ifdef HAVE_STDLIB_H
| #  include <stdlib.h>
| # endif
| #endif
| #ifdef HAVE_STRING_H
| # if !defined STDC_HEADERS && defined HAVE_MEMORY_H
| #  include <memory.h>
| # endif
| # include <string.h>
| #endif
| #ifdef HAVE_STRINGS_H
| # include <strings.h>
| #endif
| #ifdef HAVE_INTTYPES_H
| # include <inttypes.h>
| #endif
| #ifdef HAVE_STDINT_H
| # include <stdint.h>
| #endif
| #ifdef HAVE_UNISTD_H
| # include <unistd.h>
| #endif
| #include <webp/decode.h>
configure:13261: result: no
configure:13261: checking webp/decode.h presence
configure:13261: gcc -E  conftest.c
conftest.c:23:25: fatal error: webp/decode.h: No such file or directory
compilation terminated.
configure:13261: $? = 1
configure: failed program was:
| /* confdefs.h */
| #define PACKAGE_NAME ""
| #define PACKAGE_TARNAME ""
| #define PACKAGE_VERSION ""
| #define PACKAGE_STRING ""
| #define PACKAGE_BUGREPORT ""
| #define PACKAGE_URL ""
| #define STDC_HEADERS 1
| #define HAVE_SYS_TYPES_H 1
| #define HAVE_SYS_STAT_H 1
| #define HAVE_STDLIB_H 1
| #define HAVE_STRING_H 1
| #define HAVE_MEMORY_H 1
| #define HAVE_STRINGS_H 1
| #define HAVE_INTTYPES_H 1
| #define HAVE_STDINT_H 1
| #define HAVE_UNISTD_H 1
| #define HAVE_DLFCN_H 1
| #define LT_OBJDIR ".libs/"
| #define PACKAGE "SDL2_image"
| #define VERSION "2.0.5"
| /* end confdefs.h.  */
| #include <webp/decode.h>
configure:13261: result: no
configure:13261: checking for webp/decode.h
configure:13261: result: no
configure:13270: checking for WebPGetDecoderVersion in -lwebp
configure:13295: gcc -o conftest -g -O2 -D_REENTRANT -I/usr/local/include/SDL2   conftest.c -lwebp -lm  -L/usr/local/lib -Wl,-rpath,/usr/local/lib -Wl,--enable-new-dtags -lSDL2 >&5
/usr/bin/ld: cannot find -lwebp
collect2: error: ld returned 1 exit status
configure:13295: $? = 1
configure: failed program was:
| /* confdefs.h */
| #define PACKAGE_NAME ""
| #define PACKAGE_TARNAME ""
| #define PACKAGE_VERSION ""
| #define PACKAGE_STRING ""
| #define PACKAGE_BUGREPORT ""
| #define PACKAGE_URL ""
| #define STDC_HEADERS 1
| #define HAVE_SYS_TYPES_H 1
| #define HAVE_SYS_STAT_H 1
| #define HAVE_STDLIB_H 1
| #define HAVE_STRING_H 1
| #define HAVE_MEMORY_H 1
| #define HAVE_STRINGS_H 1
| #define HAVE_INTTYPES_H 1
| #define HAVE_STDINT_H 1
| #define HAVE_UNISTD_H 1
| #define HAVE_DLFCN_H 1
| #define LT_OBJDIR ".libs/"
| #define PACKAGE "SDL2_image"
| #define VERSION "2.0.5"
| /* end confdefs.h.  */
| 
| /* Override any GCC internal prototype to avoid an error.
|    Use char because int might match the return type of a GCC
|    builtin and then its argument prototype would still apply.  */
| #ifdef __cplusplus
| extern "C"
| #endif
| char WebPGetDecoderVersion ();
| int
| main ()
| {
| return WebPGetDecoderVersion ();
|   ;
|   return 0;
| }
configure:13304: result: no
configure:13396: WARNING: *** Unable to find WEBP library (http://code.google.com/intl/en-US/speed/webp/index.html)
configure:13398: WARNING: WEBP Pimage loading disabled
configure:13660: checking that generated files are newer than configure
configure:13666: result: done
configure:13701: creating ./config.status

## ---------------------- ##
## Running config.status. ##
## ---------------------- ##

This file was extended by config.status, which was
generated by GNU Autoconf 2.69.  Invocation command line was

  CONFIG_FILES    = 
  CONFIG_HEADERS  = 
  CONFIG_LINKS    = 
  CONFIG_COMMANDS = 
  $ ./config.status 

on localhost

config.status:1024: creating Makefile
config.status:1024: creating SDL2_image.spec
config.status:1024: creating SDL2_image.pc
config.status:1196: executing libtool commands
config.status:1196: executing depfiles commands

## ---------------- ##
## Cache variables. ##
## ---------------- ##

ac_cv_build=x86_64-pc-linux-gnu
ac_cv_c_compiler_gnu=yes
ac_cv_c_inline=inline
ac_cv_env_CC_set=
ac_cv_env_CC_value=
ac_cv_env_CFLAGS_set=
ac_cv_env_CFLAGS_value=
ac_cv_env_CPPFLAGS_set=
ac_cv_env_CPPFLAGS_value=
ac_cv_env_CPP_set=
ac_cv_env_CPP_value=
ac_cv_env_LDFLAGS_set=
ac_cv_env_LDFLAGS_value=
ac_cv_env_LIBPNG_CFLAGS_set=
ac_cv_env_LIBPNG_CFLAGS_value=
ac_cv_env_LIBPNG_LIBS_set=
ac_cv_env_LIBPNG_LIBS_value=
ac_cv_env_LIBS_set=
ac_cv_env_LIBS_value=
ac_cv_env_LIBWEBP_CFLAGS_set=
ac_cv_env_LIBWEBP_CFLAGS_value=
ac_cv_env_LIBWEBP_LIBS_set=
ac_cv_env_LIBWEBP_LIBS_value=
ac_cv_env_OBJCFLAGS_set=
ac_cv_env_OBJCFLAGS_value=
ac_cv_env_OBJC_set=
ac_cv_env_OBJC_value=
ac_cv_env_PKG_CONFIG_set=
ac_cv_env_PKG_CONFIG_value=
ac_cv_env_SDL_CFLAGS_set=
ac_cv_env_SDL_CFLAGS_value=
ac_cv_env_SDL_LIBS_set=
ac_cv_env_SDL_LIBS_value=
ac_cv_env_build_alias_set=
ac_cv_env_build_alias_value=
ac_cv_env_host_alias_set=
ac_cv_env_host_alias_value=
ac_cv_env_target_alias_set=
ac_cv_env_target_alias_value=
ac_cv_header_dlfcn_h=yes
ac_cv_header_inttypes_h=yes
ac_cv_header_jpeglib_h=no
ac_cv_header_memory_h=yes
ac_cv_header_png_h=no
ac_cv_header_stdc=yes
ac_cv_header_stdint_h=yes
ac_cv_header_stdlib_h=yes
ac_cv_header_string_h=yes
ac_cv_header_strings_h=yes
ac_cv_header_sys_stat_h=yes
ac_cv_header_sys_types_h=yes
ac_cv_header_tiffio_h=no
ac_cv_header_unistd_h=yes
ac_cv_header_webp_decode_h=no
ac_cv_host=x86_64-pc-linux-gnu
ac_cv_lib_jpeg_jpeg_CreateDecompress=no
ac_cv_lib_png_png_create_read_struct=no
ac_cv_lib_tiff_TIFFClientOpen=no
ac_cv_lib_webp_WebPGetDecoderVersion=no
ac_cv_objc_compiler_gnu=no
ac_cv_objext=o
ac_cv_path_EGREP='/bin/grep -E'
ac_cv_path_FGREP='/bin/grep -F'
ac_cv_path_GREP=/bin/grep
ac_cv_path_SED=/bin/sed
ac_cv_path_ac_pt_PKG_CONFIG=/usr/bin/pkg-config
ac_cv_path_install='/usr/bin/install -c'
ac_cv_path_mkdir=/bin/mkdir
ac_cv_prog_AWK=gawk
ac_cv_prog_CPP='gcc -E'
ac_cv_prog_ac_ct_AR=ar
ac_cv_prog_ac_ct_CC=gcc
ac_cv_prog_ac_ct_OBJC=gcc
ac_cv_prog_ac_ct_OBJDUMP=objdump
ac_cv_prog_ac_ct_RANLIB=ranlib
ac_cv_prog_ac_ct_STRIP=strip
ac_cv_prog_cc_c89=
ac_cv_prog_cc_g=yes
ac_cv_prog_make_make_set=yes
ac_cv_prog_objc_g=no
am_cv_CC_dependencies_compiler_type=gcc3
am_cv_OBJC_dependencies_compiler_type=gcc3
am_cv_make_support_nested_variables=yes
am_cv_prog_cc_c_o=yes
lt_cv_deplibs_check_method=pass_all
lt_cv_file_magic_cmd='$MAGIC_CMD'
lt_cv_file_magic_test_file=
lt_cv_ld_reload_flag=-r
lt_cv_nm_interface='BSD nm'
lt_cv_objdir=.libs
lt_cv_path_LD=/usr/bin/ld
lt_cv_path_NM='/usr/bin/nm -B'
lt_cv_prog_compiler_c_o=yes
lt_cv_prog_compiler_pic_works=yes
lt_cv_prog_compiler_rtti_exceptions=no
lt_cv_prog_compiler_static_works=yes
lt_cv_prog_gnu_ld=yes
lt_cv_sys_global_symbol_pipe='sed -n -e '\''s/^.*[	 ]\([ABCDGIRSTW][ABCDGIRSTW]*\)[	 ][	 ]*\([_A-Za-z][_A-Za-z0-9]*\)$/\1 \2 \2/p'\'''
lt_cv_sys_global_symbol_to_c_name_address='sed -n -e '\''s/^: \([^ ]*\) $/  {\"\1\", (void *) 0},/p'\'' -e '\''s/^[ABCDGIRSTW]* \([^ ]*\) \([^ ]*\)$/  {"\2", (void *) \&\2},/p'\'''
lt_cv_sys_global_symbol_to_c_name_address_lib_prefix='sed -n -e '\''s/^: \([^ ]*\) $/  {\"\1\", (void *) 0},/p'\'' -e '\''s/^[ABCDGIRSTW]* \([^ ]*\) \(lib[^ ]*\)$/  {"\2", (void *) \&\2},/p'\'' -e '\''s/^[ABCDGIRSTW]* \([^ ]*\) \([^ ]*\)$/  {"lib\2", (void *) \&\2},/p'\'''
lt_cv_sys_global_symbol_to_cdecl='sed -n -e '\''s/^T .* \(.*\)$/extern int \1();/p'\'' -e '\''s/^[ABCDGIRSTW]* .* \(.*\)$/extern char \1;/p'\'''
lt_cv_sys_max_cmd_len=1572864
pkg_cv_SDL_CFLAGS='-D_REENTRANT -I/usr/local/include/SDL2'
pkg_cv_SDL_LIBS='-L/usr/local/lib -Wl,-rpath,/usr/local/lib -Wl,--enable-new-dtags -lSDL2'

## ----------------- ##
## Output variables. ##
## ----------------- ##

ACLOCAL='${SHELL} /workspace/shenmu_aos/components/utility/SDL2/src/image/missing aclocal-1.15'
AMDEPBACKSLASH='\'
AMDEP_FALSE='#'
AMDEP_TRUE=''
AMTAR='$${TAR-tar}'
AM_BACKSLASH='\'
AM_DEFAULT_V='$(AM_DEFAULT_VERBOSITY)'
AM_DEFAULT_VERBOSITY='1'
AM_V='$(V)'
AR='ar'
AS='as'
AUTOCONF='${SHELL} /workspace/shenmu_aos/components/utility/SDL2/src/image/missing autoconf'
AUTOHEADER='${SHELL} /workspace/shenmu_aos/components/utility/SDL2/src/image/missing autoheader'
AUTOMAKE='${SHELL} /workspace/shenmu_aos/components/utility/SDL2/src/image/missing automake-1.15'
AWK='gawk'
BINARY_AGE='5'
CC='gcc'
CCDEPMODE='depmode=gcc3'
CFLAGS='-g -O2 -D_REENTRANT -I/usr/local/include/SDL2'
CPP='gcc -E'
CPPFLAGS=''
CYGPATH_W='echo'
DEFS='-DPACKAGE_NAME=\"\" -DPACKAGE_TARNAME=\"\" -DPACKAGE_VERSION=\"\" -DPACKAGE_STRING=\"\" -DPACKAGE_BUGREPORT=\"\" -DPACKAGE_URL=\"\" -DSTDC_HEADERS=1 -DHAVE_SYS_TYPES_H=1 -DHAVE_SYS_STAT_H=1 -DHAVE_STDLIB_H=1 -DHAVE_STRING_H=1 -DHAVE_MEMORY_H=1 -DHAVE_STRINGS_H=1 -DHAVE_INTTYPES_H=1 -DHAVE_STDINT_H=1 -DHAVE_UNISTD_H=1 -DHAVE_DLFCN_H=1 -DLT_OBJDIR=\".libs/\" -DPACKAGE=\"SDL2_image\" -DVERSION=\"2.0.5\" -DLOAD_BMP=1 -DLOAD_GIF=1 -DLOAD_LBM=1 -DLOAD_PCX=1 -DLOAD_PNM=1 -DLOAD_SVG=1 -DLOAD_TGA=1 -DLOAD_XCF=1 -DLOAD_XPM=1 -DLOAD_XV=1'
DEPDIR='.deps'
DLLTOOL='dlltool'
DSYMUTIL=''
DUMPBIN=''
ECHO_C=''
ECHO_N='-n'
ECHO_T=''
EGREP='/bin/grep -E'
EXEEXT=''
FGREP='/bin/grep -F'
GREP='/bin/grep'
IMG_LIBS=''
INSTALL_DATA='${INSTALL} -m 644'
INSTALL_PROGRAM='${INSTALL}'
INSTALL_SCRIPT='${INSTALL}'
INSTALL_STRIP_PROGRAM='$(install_sh) -c -s'
INTERFACE_AGE='3'
LD='/usr/bin/ld -m elf_x86_64'
LDFLAGS=''
LIBOBJS=''
LIBPNG_CFLAGS=''
LIBPNG_LIBS=''
LIBS=' -L/usr/local/lib -Wl,-rpath,/usr/local/lib -Wl,--enable-new-dtags -lSDL2'
LIBTOOL='$(SHELL) $(top_builddir)/libtool'
LIBWEBP_CFLAGS=''
LIBWEBP_LIBS=''
LIPO=''
LN_S='ln -s'
LTLIBOBJS=''
LT_AGE='2'
LT_CURRENT='2'
LT_RELEASE='2.0'
LT_REVISION='3'
MAJOR_VERSION='2'
MAKEINFO='${SHELL} /workspace/shenmu_aos/components/utility/SDL2/src/image/missing makeinfo'
MICRO_VERSION='5'
MINOR_VERSION='0'
MKDIR_P='/bin/mkdir -p'
NM='/usr/bin/nm -B'
NMEDIT=''
OBJC='gcc'
OBJCDEPMODE='depmode=gcc3'
OBJCFLAGS='-g -O2 -D_REENTRANT -I/usr/local/include/SDL2'
OBJDUMP='objdump'
OBJEXT='o'
OTOOL64=''
OTOOL=''
PACKAGE='SDL2_image'
PACKAGE_BUGREPORT=''
PACKAGE_NAME=''
PACKAGE_STRING=''
PACKAGE_TARNAME=''
PACKAGE_URL=''
PACKAGE_VERSION=''
PATH_SEPARATOR=':'
PKG_CONFIG='/usr/bin/pkg-config'
RANLIB='ranlib'
SDL2_CONFIG='pkg-config sdl2'
SDL_CFLAGS='-D_REENTRANT -I/usr/local/include/SDL2'
SDL_LIBS='-L/usr/local/lib -Wl,-rpath,/usr/local/lib -Wl,--enable-new-dtags -lSDL2'
SDL_VERSION='2.0.8'
SED='/bin/sed'
SET_MAKE=''
SHELL='/bin/bash'
STRIP='strip'
USE_IMAGEIO_FALSE=''
USE_IMAGEIO_TRUE='#'
USE_VERSION_RC_FALSE=''
USE_VERSION_RC_TRUE='#'
VERSION='2.0.5'
WINDRES=''
ac_ct_CC='gcc'
ac_ct_DUMPBIN=''
ac_ct_OBJC='gcc'
am__EXEEXT_FALSE=''
am__EXEEXT_TRUE='#'
am__fastdepCC_FALSE='#'
am__fastdepCC_TRUE=''
am__fastdepOBJC_FALSE='#'
am__fastdepOBJC_TRUE=''
am__include='include'
am__isrc=''
am__leading_dot='.'
am__nodep='_no'
am__quote=''
am__tar='$${TAR-tar} chof - "$$tardir"'
am__untar='$${TAR-tar} xf -'
bindir='${exec_prefix}/bin'
build='x86_64-pc-linux-gnu'
build_alias=''
build_cpu='x86_64'
build_os='linux-gnu'
build_vendor='pc'
datadir='${datarootdir}'
datarootdir='${prefix}/share'
docdir='${datarootdir}/doc/${PACKAGE}'
dvidir='${docdir}'
exec_prefix='${prefix}'
host='x86_64-pc-linux-gnu'
host_alias=''
host_cpu='x86_64'
host_os='linux-gnu'
host_vendor='pc'
htmldir='${docdir}'
includedir='${prefix}/include'
infodir='${datarootdir}/info'
install_sh='${SHELL} /workspace/shenmu_aos/components/utility/SDL2/src/image/install-sh'
libdir='${exec_prefix}/lib'
libexecdir='${exec_prefix}/libexec'
localedir='${datarootdir}/locale'
localstatedir='${prefix}/var'
lt_ECHO='echo'
mandir='${datarootdir}/man'
mkdir_p='$(MKDIR_P)'
oldincludedir='/usr/include'
pdfdir='${docdir}'
prefix='/usr/local'
program_transform_name='s,x,x,'
psdir='${docdir}'
runstatedir='${localstatedir}/run'
sbindir='${exec_prefix}/sbin'
sharedstatedir='${prefix}/com'
sysconfdir='${prefix}/etc'
target_alias=''

## ----------- ##
## confdefs.h. ##
## ----------- ##

/* confdefs.h */
#define PACKAGE_NAME ""
#define PACKAGE_TARNAME ""
#define PACKAGE_VERSION ""
#define PACKAGE_STRING ""
#define PACKAGE_BUGREPORT ""
#define PACKAGE_URL ""
#define STDC_HEADERS 1
#define HAVE_SYS_TYPES_H 1
#define HAVE_SYS_STAT_H 1
#define HAVE_STDLIB_H 1
#define HAVE_STRING_H 1
#define HAVE_MEMORY_H 1
#define HAVE_STRINGS_H 1
#define HAVE_INTTYPES_H 1
#define HAVE_STDINT_H 1
#define HAVE_UNISTD_H 1
#define HAVE_DLFCN_H 1
#define LT_OBJDIR ".libs/"
#define PACKAGE "SDL2_image"
#define VERSION "2.0.5"
#define LOAD_BMP 1
#define LOAD_GIF 1
#define LOAD_LBM 1
#define LOAD_PCX 1
#define LOAD_PNM 1
#define LOAD_SVG 1
#define LOAD_TGA 1
#define LOAD_XCF 1
#define LOAD_XPM 1
#define LOAD_XV 1

configure: exit 0
